<?xml version="1.0" encoding="UTF-8"?>
<!-- Generated by org.testng.reporters.JUnitReportReporter -->
<testsuite hostname="DESKTOP-PSPSVDJ" failures="0" tests="1" name="Selenium.com.supplyhouse.search" time="13.494" errors="0" timestamp="2023-02-12T17:22:15 EST" skipped="0">
  <testcase classname="Selenium.com.supplyhouse.search" name="launch" time="13.494"/>
  <system-out/>
</testsuite> <!-- Selenium.com.supplyhouse.search -->
