<?xml version="1.0" encoding="UTF-8"?>
<!-- Generated by org.testng.reporters.JUnitReportReporter -->
<testsuite hostname="DESKTOP-PSPSVDJ" failures="0" tests="1" name="sel.com.supplyhouse.searchTest" time="5.569" errors="0" timestamp="2023-02-15T15:57:00 EST" skipped="0">
  <testcase classname="sel.com.supplyhouse.searchTest" name="searchvalid" time="5.569"/>
  <system-out/>
</testsuite> <!-- sel.com.supplyhouse.searchTest -->
