<?xml version="1.0" encoding="UTF-8"?>
<!-- Generated by org.testng.reporters.JUnitReportReporter -->
<testsuite hostname="DESKTOP-PSPSVDJ" failures="0" tests="2" name="sel.com.supplyhouse.searchTest" time="27.769" errors="0" timestamp="2023-02-15T18:44:54 EST" skipped="0">
  <testcase classname="sel.com.supplyhouse.searchTest" name="searchvalid" time="3.947"/>
  <system-out/>
  <testcase classname="sel.com.supplyhouse.searchTest" name="searchvalid" time="23.822"/>
  <system-out/>
</testsuite> <!-- sel.com.supplyhouse.searchTest -->
